<?xml version="1.0" encoding="UTF-8"?>
<!-- Generated by org.testng.reporters.JUnitReportReporter -->
<testsuite hostname="DESKTOP-UE5CFQV" failures="0" tests="1" name="MY_STORE_PAGE_OBJECT.Login_page" time="71.028" errors="0" timestamp="2025-02-15T12:16:42 IST" skipped="0">
  <testcase classname="MY_STORE_PAGE_OBJECT.Login_page" name="launchApp" time="71.028"/>
</testsuite> <!-- MY_STORE_PAGE_OBJECT.Login_page -->
