<?xml version="1.0" encoding="UTF-8"?>
<!-- Generated by org.testng.reporters.JUnitReportReporter -->
<testsuite hostname="DESKTOP-UE5CFQV" failures="0" tests="1" name="store.Base.BaseClass" time="28.226" errors="0" timestamp="2025-02-14T15:21:56 IST" skipped="0">
  <testcase classname="store.Base.BaseClass" name="launchApp" time="28.226"/>
</testsuite> <!-- store.Base.BaseClass -->
