<?xml version="1.0" encoding="UTF-8"?>
<!-- Generated by org.testng.reporters.JUnitReportReporter -->
<testsuite hostname="DESKTOP-UE5CFQV" failures="0" tests="1" name="My_store_test_cases.Login_Page_Test" time="14.507" errors="0" timestamp="2025-02-18T13:08:26 IST" skipped="0">
  <testcase classname="My_store_test_cases.Login_Page_Test" name="LoginTest" time="14.507"/>
</testsuite> <!-- My_store_test_cases.Login_Page_Test -->
