<?xml version="1.0" encoding="UTF-8"?>
<!-- Generated by org.testng.reporters.JUnitReportReporter -->
<testsuite hostname="DESKTOP-UE5CFQV" failures="0" tests="1" name="MY_STORE_PAGE_OBJECT.INDES_PAGE" time="19.355" errors="0" timestamp="2025-02-15T12:06:22 IST" skipped="0">
  <testcase classname="MY_STORE_PAGE_OBJECT.INDES_PAGE" name="launchApp" time="19.355"/>
</testsuite> <!-- MY_STORE_PAGE_OBJECT.INDES_PAGE -->
